# JRE version: Java(TM) SE Runtime Environment (8.0_74-b02) (build 1.8.0_74-b02)
# Java VM: Java HotSpot(TM) 64-Bit Server VM (25.74-b02 mixed mode bsd-amd64 compressed oops)
Heap:
 PSYoungGen      total 2809344K, used 1913033K [0x00000006ec000000, 0x00000007bb980000, 0x00000007c0000000)
  eden space 2243584K, 84% used [0x00000006ec000000,0x00000007605ce508,0x0000000774f00000)
  from space 565760K, 1% used [0x0000000774f00000,0x0000000775564078,0x0000000797780000)
  to   space 538112K, 0% used [0x000000079ac00000,0x000000079ac00000,0x00000007bb980000)
 ParOldGen       total 3345408K, used 3043654K [0x0000000544000000, 0x0000000610300000, 0x00000006ec000000)
  object space 3345408K, 90% used [0x0000000544000000,0x00000005fdc51830,0x0000000610300000)
 Metaspace       used 411065K, capacity 472413K, committed 472528K, reserved 1423360K
  class space    used 79128K, capacity 98169K, committed 98256K, reserved 1048576K
GC Heap History (10 events):
Event: 817.929 GC heap before
{Heap before GC invocations=131 (full 10):
 PSYoungGen      total 2760704K, used 2077792K [0x00000006ec000000, 0x00000007c0000000, 0x00000007c0000000)
  eden space 2072576K, 100% used [0x00000006ec000000,0x000000076a800000,0x000000076a800000)
  from space 688128K, 0% used [0x0000000793400000,0x0000000793918040,0x00000007bd400000)
  to   space 667648K, 0% used [0x000000076a800000,0x000000076a800000,0x0000000793400000)
 ParOldGen       total 3345408K, used 3036862K [0x0000000544000000, 0x0000000610300000, 0x00000006ec000000)
  object space 3345408K, 90% used [0x0000000544000000,0x00000005fd5af850,0x0000000610300000)
 Metaspace       used 410780K, capacity 471909K, committed 472144K, reserved 1423360K
  class space    used 79098K, capacity 98103K, committed 98128K, reserved 1048576K
Event: 818.597 GC heap after
Heap after GC invocations=131 (full 10):
 PSYoungGen      total 2740224K, used 5376K [0x00000006ec000000, 0x00000007bbf00000, 0x00000007c0000000)
  eden space 2072576K, 0% used [0x00000006ec000000,0x00000006ec000000,0x000000076a800000)
  from space 667648K, 0% used [0x000000076a800000,0x000000076ad40010,0x0000000793400000)
  to   space 644608K, 0% used [0x0000000794980000,0x0000000794980000,0x00000007bbf00000)
 ParOldGen       total 3345408K, used 3038377K [0x0000000544000000, 0x0000000610300000, 0x00000006ec000000)
  object space 3345408K, 90% used [0x0000000544000000,0x00000005fd72a628,0x0000000610300000)
 Metaspace       used 410780K, capacity 471909K, committed 472144K, reserved 1423360K
  class space    used 79098K, capacity 98103K, committed 98128K, reserved 1048576K
}
Event: 829.064 GC heap before
{Heap before GC invocations=132 (full 10):
 PSYoungGen      total 2740224K, used 2077952K [0x00000006ec000000, 0x00000007bbf00000, 0x00000007c0000000)
  eden space 2072576K, 100% used [0x00000006ec000000,0x000000076a800000,0x000000076a800000)
  from space 667648K, 0% used [0x000000076a800000,0x000000076ad40010,0x0000000793400000)
  to   space 644608K, 0% used [0x0000000794980000,0x0000000794980000,0x00000007bbf00000)
 ParOldGen       total 3345408K, used 3038377K [0x0000000544000000, 0x0000000610300000, 0x00000006ec000000)
  object space 3345408K, 90% used [0x0000000544000000,0x00000005fd72a628,0x0000000610300000)
 Metaspace       used 410947K, capacity 472143K, committed 472272K, reserved 1423360K
  class space    used 79124K, capacity 98162K, committed 98256K, reserved 1048576K
Event: 829.709 GC heap after
Heap after GC invocations=132 (full 10):
 PSYoungGen      total 2780672K, used 5728K [0x00000006ec000000, 0x00000007bb880000, 0x00000007c0000000)
  eden space 2142720K, 0% used [0x00000006ec000000,0x00000006ec000000,0x000000076ec80000)
  from space 637952K, 0% used [0x0000000794980000,0x0000000794f18000,0x00000007bb880000)
  to   space 619520K, 0% used [0x000000076ec80000,0x000000076ec80000,0x0000000794980000)
 ParOldGen       total 3345408K, used 3039657K [0x0000000544000000, 0x0000000610300000, 0x00000006ec000000)
  object space 3345408K, 90% used [0x0000000544000000,0x00000005fd86a628,0x0000000610300000)
 Metaspace       used 410947K, capacity 472143K, committed 472272K, reserved 1423360K
  class space    used 79124K, capacity 98162K, committed 98256K, reserved 1048576K
}
Event: 838.221 GC heap before
{Heap before GC invocations=133 (full 10):
 PSYoungGen      total 2780672K, used 2148448K [0x00000006ec000000, 0x00000007bb880000, 0x00000007c0000000)
  eden space 2142720K, 100% used [0x00000006ec000000,0x000000076ec80000,0x000000076ec80000)
  from space 637952K, 0% used [0x0000000794980000,0x0000000794f18000,0x00000007bb880000)
  to   space 619520K, 0% used [0x000000076ec80000,0x000000076ec80000,0x0000000794980000)
 ParOldGen       total 3345408K, used 3039657K [0x0000000544000000, 0x0000000610300000, 0x00000006ec000000)
  object space 3345408K, 90% used [0x0000000544000000,0x00000005fd86a628,0x0000000610300000)
 Metaspace       used 411025K, capacity 472319K, committed 472528K, reserved 1423360K
  class space    used 79127K, capacity 98168K, committed 98256K, reserved 1048576K
Event: 838.841 GC heap after
Heap after GC invocations=133 (full 10):
 PSYoungGen      total 2762240K, used 5504K [0x00000006ec000000, 0x00000007bbb00000, 0x00000007c0000000)
  eden space 2142720K, 0% used [0x00000006ec000000,0x00000006ec000000,0x000000076ec80000)
  from space 619520K, 0% used [0x000000076ec80000,0x000000076f1e0000,0x0000000794980000)
  to   space 593408K, 0% used [0x0000000797780000,0x0000000797780000,0x00000007bbb00000)
 ParOldGen       total 3345408K, used 3040545K [0x0000000544000000, 0x0000000610300000, 0x00000006ec000000)
  object space 3345408K, 90% used [0x0000000544000000,0x00000005fd948628,0x0000000610300000)
 Metaspace       used 411025K, capacity 472319K, committed 472528K, reserved 1423360K
  class space    used 79127K, capacity 98168K, committed 98256K, reserved 1048576K
}
Event: 848.789 GC heap before
{Heap before GC invocations=134 (full 10):
 PSYoungGen      total 2762240K, used 2148224K [0x00000006ec000000, 0x00000007bbb00000, 0x00000007c0000000)
  eden space 2142720K, 100% used [0x00000006ec000000,0x000000076ec80000,0x000000076ec80000)
  from space 619520K, 0% used [0x000000076ec80000,0x000000076f1e0000,0x0000000794980000)
  to   space 593408K, 0% used [0x0000000797780000,0x0000000797780000,0x00000007bbb00000)
 ParOldGen       total 3345408K, used 3040545K [0x0000000544000000, 0x0000000610300000, 0x00000006ec000000)
  object space 3345408K, 90% used [0x0000000544000000,0x00000005fd948628,0x0000000610300000)
 Metaspace       used 411040K, capacity 472335K, committed 472528K, reserved 1423360K
  class space    used 79127K, capacity 98168K, committed 98256K, reserved 1048576K
Event: 849.431 GC heap after
Heap after GC invocations=134 (full 10):
 PSYoungGen      total 2826240K, used 7072K [0x00000006ec000000, 0x00000007bb080000, 0x00000007c0000000)
  eden space 2243584K, 0% used [0x00000006ec000000,0x00000006ec000000,0x0000000774f00000)
  from space 582656K, 1% used [0x0000000797780000,0x0000000797e68140,0x00000007bb080000)
  to   space 565760K, 0% used [0x0000000774f00000,0x0000000774f00000,0x0000000797780000)
 ParOldGen       total 3345408K, used 3041945K [0x0000000544000000, 0x0000000610300000, 0x00000006ec000000)
  object space 3345408K, 90% used [0x0000000544000000,0x00000005fdaa6628,0x0000000610300000)
 Metaspace       used 411040K, capacity 472335K, committed 472528K, reserved 1423360K
  class space    used 79127K, capacity 98168K, committed 98256K, reserved 1048576K
}
Event: 855.904 GC heap before
{Heap before GC invocations=135 (full 10):
 PSYoungGen      total 2826240K, used 2250656K [0x00000006ec000000, 0x00000007bb080000, 0x00000007c0000000)
  eden space 2243584K, 100% used [0x00000006ec000000,0x0000000774f00000,0x0000000774f00000)
  from space 582656K, 1% used [0x0000000797780000,0x0000000797e68140,0x00000007bb080000)
  to   space 565760K, 0% used [0x0000000774f00000,0x0000000774f00000,0x0000000797780000)
 ParOldGen       total 3345408K, used 3041945K [0x0000000544000000, 0x0000000610300000, 0x00000006ec000000)
  object space 3345408K, 90% used [0x0000000544000000,0x00000005fdaa6628,0x0000000610300000)
 Metaspace       used 411055K, capacity 472407K, committed 472528K, reserved 1423360K
  class space    used 79128K, capacity 98168K, committed 98256K, reserved 1048576K
Event: 856.463 GC heap after
Heap after GC invocations=135 (full 10):
 PSYoungGen      total 2809344K, used 6544K [0x00000006ec000000, 0x00000007bb980000, 0x00000007c0000000)
  eden space 2243584K, 0% used [0x00000006ec000000,0x00000006ec000000,0x0000000774f00000)
  from space 565760K, 1% used [0x0000000774f00000,0x0000000775564078,0x0000000797780000)
  to   space 538112K, 0% used [0x000000079ac00000,0x000000079ac00000,0x00000007bb980000)
 ParOldGen       total 3345408K, used 3043654K [0x0000000544000000, 0x0000000610300000, 0x00000006ec000000)
  object space 3345408K, 90% used [0x0000000544000000,0x00000005fdc51830,0x0000000610300000)
 Metaspace       used 411055K, capacity 472407K, committed 472528K, reserved 1423360K
  class space    used 79128K, capacity 98168K, committed 98256K, reserved 1048576K
}

